Arguments: 
  /usr/local/bin/node /usr/local/bin/yarn add web3

PATH: 
  /Users/tidjungs/installation/google-cloud-sdk/bin:/Users/tidjungs/installation/google-cloud-sdk/bin:/anaconda3/bin:/Users/tidjungs/manual-install/openmpi/bin:/Users/tidjungs/manual-install/mongodb/bin:/usr/local/bin:/usr/bin:/bin:/usr/sbin:/sbin:/usr/local/MacGPG2/bin:/opt/X11/bin

Yarn version: 
  1.5.1

Node version: 
  8.10.0

Platform: 
  darwin x64

npm manifest: 
  {
    "name": "cypto-hack-final",
    "version": "1.0.0",
    "description": "",
    "main": "index.js",
    "scripts": {
      "test": "echo \"Error: no test specified\" && exit 1"
    },
    "author": "",
    "license": "ISC"
  }

yarn manifest: 
  No manifest

Lockfile: 
  No lockfile

Trace: 
  Error: /Users/tidjungs/cpe/crypto/cypto-hack-final/node_modules/sha3: Command failed.
  Exit code: 1
  Command: sh
  Arguments: -c node-gyp rebuild
  Directory: /Users/tidjungs/cpe/crypto/cypto-hack-final/node_modules/sha3
  Output:
  module.js:549
      throw err;
      ^
  
  Error: Cannot find module '/usr/local/lib/node_modules/npm/node_modules/node-gyp/bin/node-gyp.js'
      at Function.Module._resolveFilename (module.js:547:15)
      at Function.Module._load (module.js:474:25)
      at Function.Module.runMain (module.js:693:10)
      at startup (bootstrap_node.js:188:16)
      at bootstrap_node.js:609:3
      at ProcessTermError.MessageError (/usr/local/lib/node_modules/yarn/lib/cli.js:186:110)
      at new ProcessTermError (/usr/local/lib/node_modules/yarn/lib/cli.js:226:113)
      at ChildProcess.<anonymous> (/usr/local/lib/node_modules/yarn/lib/cli.js:30281:17)
      at emitTwo (events.js:126:13)
      at ChildProcess.emit (events.js:214:7)
      at maybeClose (internal/child_process.js:925:16)
      at Socket.stream.socket.on (internal/child_process.js:346:11)
      at emitOne (events.js:116:13)
      at Socket.emit (events.js:211:7)
      at Pipe._handle.close [as _onclose] (net.js:567:12)
